2025-09-04 11:09:47,448 - __main__ - INFO - Request: GET http://127.0.0.1:5000/
2025-09-04 11:09:47,452 - __main__ - INFO - Response: 200 - Time: 0:00:00.004570
2025-09-04 11:09:47,522 - __main__ - INFO - Request: GET http://127.0.0.1:5000/
2025-09-04 11:09:47,525 - __main__ - INFO - Response: 200 - Time: 0:00:00.002908
2025-09-04 11:09:47,687 - __main__ - INFO - Request: GET http://127.0.0.1:5000/favicon.ico
2025-09-04 11:09:47,689 - __main__ - INFO - Response: 404 - Time: 0:00:00.001697
2025-09-04 14:27:38,273 - asyncio - ERROR - Exception in callback _ProactorBasePipeTransport._call_connection_lost()
handle: <Handle _ProactorBasePipeTransport._call_connection_lost()>
Traceback (most recent call last):
  File "C:\Users\muram\AppData\Local\Programs\Python\Python313\Lib\asyncio\events.py", line 89, in _run
    self._context.run(self._callback, *self._args)
    ~~~~~~~~~~~~~~~~~^^^^^^^^^^^^^^^^^^^^^^^^^^^^^
  File "C:\Users\muram\AppData\Local\Programs\Python\Python313\Lib\asyncio\proactor_events.py", line 165, in _call_connection_lost
    self._sock.shutdown(socket.SHUT_RDWR)
    ~~~~~~~~~~~~~~~~~~~^^^^^^^^^^^^^^^^^^
ConnectionResetError: [WinError 10054] An existing connection was forcibly closed by the remote host
2025-09-04 14:40:42,353 - __main__ - INFO - Request: GET http://127.0.0.1:3001/
2025-09-04 14:40:42,361 - __main__ - INFO - Response: 200 - Time: 0:00:00.008479
2025-09-04 14:40:42,508 - __main__ - INFO - Request: GET http://127.0.0.1:3001/favicon.ico
2025-09-04 14:40:42,509 - __main__ - INFO - Response: 404 - Time: 0:00:00.000853
2025-09-04 14:41:06,610 - __main__ - INFO - Request: POST http://localhost:3001/register
2025-09-04 14:41:06,616 - __main__ - INFO - Registration attempt for: ruvarashemakaure@gmail.com
2025-09-04 14:41:06,666 - passlib.handlers.bcrypt - WARNING - (trapped) error reading bcrypt version
Traceback (most recent call last):
  File "C:\Users\muram\PycharmProjects\original2\.venv\Lib\site-packages\passlib\handlers\bcrypt.py", line 620, in _load_backend_mixin
    version = _bcrypt.__about__.__version__
              ^^^^^^^^^^^^^^^^^
AttributeError: module 'bcrypt' has no attribute '__about__'
2025-09-04 14:41:07,346 - __main__ - INFO - User registered successfully: ruvarashemakaure@gmail.com
2025-09-04 14:41:07,349 - __main__ - INFO - Response: 200 - Time: 0:00:00.738877
2025-09-04 14:41:27,126 - __main__ - INFO - Request: POST http://localhost:3001/login
2025-09-04 14:41:27,132 - __main__ - INFO - Login attempt for: ruvarashemakaure@gmail.com
2025-09-04 14:41:27,739 - __main__ - INFO - Login successful for: ruvarashemakaure@gmail.com
2025-09-04 14:41:27,741 - __main__ - INFO - Response: 200 - Time: 0:00:00.614676
2025-09-04 14:41:45,538 - __main__ - INFO - Request: GET http://localhost:3001/todos
2025-09-04 14:41:45,547 - __main__ - INFO - Response: 200 - Time: 0:00:00.008285
2025-09-04 14:41:56,148 - __main__ - INFO - Request: POST http://localhost:3001/todos
2025-09-04 14:41:56,186 - __main__ - INFO - Response: 200 - Time: 0:00:00.037932
2025-09-04 14:41:59,090 - __main__ - INFO - Request: DELETE http://localhost:3001/todos/1
2025-09-04 14:41:59,129 - __main__ - INFO - Response: 200 - Time: 0:00:00.038406
2025-09-04 14:43:07,819 - __main__ - INFO - Request: POST http://localhost:3001/register
2025-09-04 14:43:07,823 - __main__ - INFO - Registration attempt for: makauremunyaradzi81@gmail.com
2025-09-04 14:43:08,452 - __main__ - INFO - User registered successfully: makauremunyaradzi81@gmail.com
2025-09-04 14:43:08,454 - __main__ - INFO - Response: 200 - Time: 0:00:00.634721
2025-09-04 14:43:46,582 - __main__ - INFO - Request: POST http://localhost:3001/login
2025-09-04 14:43:46,585 - __main__ - INFO - Login attempt for: makauremunyaradzi81@gmail.com
2025-09-04 14:43:47,178 - __main__ - INFO - Login successful for: makauremunyaradzi81@gmail.com
2025-09-04 14:43:47,181 - __main__ - INFO - Response: 200 - Time: 0:00:00.598702
2025-09-04 14:43:53,575 - __main__ - INFO - Request: GET http://localhost:3001/todos
2025-09-04 14:43:53,585 - __main__ - INFO - Response: 200 - Time: 0:00:00.009476
2025-09-04 14:44:34,867 - __main__ - INFO - Request: POST http://localhost:3001/todos
2025-09-04 14:44:34,915 - __main__ - INFO - Response: 200 - Time: 0:00:00.047721
2025-09-04 14:44:40,705 - __main__ - INFO - Request: POST http://localhost:3001/todos
2025-09-04 14:44:40,739 - __main__ - INFO - Response: 200 - Time: 0:00:00.034225
2025-09-04 14:44:47,796 - __main__ - INFO - Request: POST http://localhost:3001/todos
2025-09-04 14:44:47,841 - __main__ - INFO - Response: 200 - Time: 0:00:00.044771
2025-09-04 14:44:54,698 - __main__ - INFO - Request: POST http://localhost:3001/todos
2025-09-04 14:44:54,725 - __main__ - INFO - Response: 200 - Time: 0:00:00.026783
2025-09-04 14:44:57,690 - __main__ - INFO - Request: DELETE http://localhost:3001/todos/1
2025-09-04 14:44:57,728 - __main__ - INFO - Response: 200 - Time: 0:00:00.037588
2025-09-04 14:44:59,534 - __main__ - INFO - Request: DELETE http://localhost:3001/todos/2
2025-09-04 14:44:59,562 - __main__ - INFO - Response: 200 - Time: 0:00:00.028040
2025-09-04 14:45:00,862 - __main__ - INFO - Request: DELETE http://localhost:3001/todos/3
2025-09-04 14:45:00,892 - __main__ - INFO - Response: 200 - Time: 0:00:00.029606
2025-09-04 14:45:02,010 - __main__ - INFO - Request: DELETE http://localhost:3001/todos/4
2025-09-04 14:45:02,047 - __main__ - INFO - Response: 200 - Time: 0:00:00.036875
2025-09-04 14:49:27,265 - __main__ - INFO - Request: GET http://localhost:3001/todos
2025-09-04 14:49:27,279 - __main__ - INFO - Response: 200 - Time: 0:00:00.014648
2025-09-04 14:49:53,788 - __main__ - INFO - Request: POST http://localhost:3001/todos
2025-09-04 14:49:53,831 - __main__ - INFO - Response: 200 - Time: 0:00:00.042625
2025-09-04 15:05:19,394 - __main__ - INFO - Request: POST http://localhost:3001/login
2025-09-04 15:05:19,422 - __main__ - INFO - Login attempt for: ruvarashemakaure@gmail.com
2025-09-04 15:05:19,701 - __main__ - INFO - Login successful for: ruvarashemakaure@gmail.com
2025-09-04 15:05:19,703 - __main__ - INFO - Response: 200 - Time: 0:00:00.310454
2025-09-04 15:05:52,924 - __main__ - INFO - Request: GET http://localhost:3001/todos
2025-09-04 15:05:52,938 - __main__ - INFO - Response: 200 - Time: 0:00:00.014556
2025-09-04 15:05:57,505 - __main__ - INFO - Request: POST http://localhost:3001/todos
2025-09-04 15:05:57,532 - __main__ - INFO - Response: 200 - Time: 0:00:00.026155
2025-09-04 15:06:02,487 - __main__ - INFO - Request: POST http://localhost:3001/todos
2025-09-04 15:06:02,506 - __main__ - INFO - Response: 200 - Time: 0:00:00.018397
2025-09-04 15:06:08,406 - __main__ - INFO - Request: POST http://localhost:3001/todos
2025-09-04 15:06:08,426 - __main__ - INFO - Response: 200 - Time: 0:00:00.019377
2025-09-04 15:06:11,447 - __main__ - INFO - Request: POST http://localhost:3001/todos
2025-09-04 15:06:11,492 - __main__ - INFO - Response: 200 - Time: 0:00:00.045046
2025-09-04 15:06:16,393 - __main__ - INFO - Request: POST http://localhost:3001/todos
2025-09-04 15:06:16,412 - __main__ - INFO - Response: 200 - Time: 0:00:00.018657
2025-09-04 15:06:21,926 - __main__ - INFO - Request: POST http://localhost:3001/todos
2025-09-04 15:06:21,949 - __main__ - INFO - Response: 200 - Time: 0:00:00.022619
2025-09-04 15:06:55,606 - __main__ - INFO - Request: DELETE http://localhost:3001/todos/2
2025-09-04 15:06:55,649 - __main__ - INFO - Response: 200 - Time: 0:00:00.043265
2025-09-04 15:06:56,773 - __main__ - INFO - Request: DELETE http://localhost:3001/todos/3
2025-09-04 15:06:56,790 - __main__ - INFO - Response: 200 - Time: 0:00:00.017073
2025-09-04 15:06:57,769 - __main__ - INFO - Request: DELETE http://localhost:3001/todos/4
2025-09-04 15:06:57,786 - __main__ - INFO - Response: 200 - Time: 0:00:00.017004
2025-09-04 15:06:58,719 - __main__ - INFO - Request: DELETE http://localhost:3001/todos/5
2025-09-04 15:06:58,734 - __main__ - INFO - Response: 200 - Time: 0:00:00.014592
2025-09-04 15:06:59,756 - __main__ - INFO - Request: DELETE http://localhost:3001/todos/6
2025-09-04 15:06:59,774 - __main__ - INFO - Response: 200 - Time: 0:00:00.017754
2025-09-04 15:07:00,936 - __main__ - INFO - Request: DELETE http://localhost:3001/todos/7
2025-09-04 15:07:00,952 - __main__ - INFO - Response: 200 - Time: 0:00:00.015976
2025-09-04 15:07:09,259 - __main__ - INFO - Request: POST http://localhost:3001/todos
2025-09-04 15:07:09,276 - __main__ - INFO - Response: 200 - Time: 0:00:00.017907
2025-09-04 15:07:18,094 - __main__ - INFO - Request: POST http://localhost:3001/login
2025-09-04 15:07:18,096 - __main__ - INFO - Login attempt for: ruvarashemakaure@gmail.com
2025-09-04 15:07:18,370 - __main__ - INFO - Login successful for: ruvarashemakaure@gmail.com
2025-09-04 15:07:18,371 - __main__ - INFO - Response: 200 - Time: 0:00:00.277534
2025-09-04 15:07:20,134 - __main__ - INFO - Request: GET http://localhost:3001/todos
2025-09-04 15:07:20,143 - __main__ - INFO - Response: 200 - Time: 0:00:00.008401
2025-09-04 15:14:35,498 - __main__ - INFO - Request: GET http://localhost:3001/todos
2025-09-04 15:14:35,508 - __main__ - INFO - Response: 200 - Time: 0:00:00.009878
2025-09-04 15:19:31,335 - __main__ - INFO - Request: GET http://localhost:3001/todos
2025-09-04 15:19:31,343 - __main__ - INFO - Response: 200 - Time: 0:00:00.008672
2025-09-04 15:22:07,123 - __main__ - INFO - Request: GET http://localhost:3001/todos
2025-09-04 15:22:07,132 - __main__ - INFO - Response: 200 - Time: 0:00:00.008758
2025-09-04 15:28:53,936 - __main__ - INFO - Request: GET http://localhost:3001/todos
2025-09-04 15:28:53,950 - __main__ - INFO - Response: 200 - Time: 0:00:00.014866
2025-09-04 16:41:44,335 - __main__ - INFO - Request: POST http://localhost:3001/register
2025-09-04 16:41:44,346 - __main__ - INFO - Registration attempt for: ruvarashemakaure@gmail.com
2025-09-04 16:41:44,364 - __main__ - WARNING - Registration failed - user exists: ruvarashemakaure@gmail.com
2025-09-04 16:41:44,368 - __main__ - INFO - Response: 409 - Time: 0:00:00.033095
2025-09-04 16:41:50,011 - __main__ - INFO - Request: POST http://localhost:3001/login
2025-09-04 16:41:50,014 - __main__ - INFO - Login attempt for: ruvarashemakaure@gmail.com
2025-09-04 16:41:50,064 - passlib.handlers.bcrypt - WARNING - (trapped) error reading bcrypt version
Traceback (most recent call last):
  File "C:\Users\muram\PycharmProjects\original2\.venv\Lib\site-packages\passlib\handlers\bcrypt.py", line 620, in _load_backend_mixin
    version = _bcrypt.__about__.__version__
              ^^^^^^^^^^^^^^^^^
AttributeError: module 'bcrypt' has no attribute '__about__'
2025-09-04 16:41:50,714 - __main__ - INFO - Login successful for: ruvarashemakaure@gmail.com
2025-09-04 16:41:50,716 - __main__ - INFO - Response: 200 - Time: 0:00:00.705648
2025-09-04 16:43:12,980 - __main__ - INFO - Request: GET http://localhost:3001/todos
2025-09-04 16:43:13,004 - __main__ - INFO - Response: 200 - Time: 0:00:00.024159
2025-09-04 16:43:20,849 - __main__ - INFO - Request: POST http://localhost:3001/todos
2025-09-04 16:43:20,907 - __main__ - INFO - Response: 200 - Time: 0:00:00.058202
2025-09-04 16:43:25,858 - __main__ - INFO - Request: POST http://localhost:3001/todos
2025-09-04 16:43:25,915 - __main__ - INFO - Response: 200 - Time: 0:00:00.057522
2025-09-04 16:43:28,563 - __main__ - INFO - Request: DELETE http://localhost:3001/todos/2
2025-09-04 16:43:28,958 - __main__ - INFO - Response: 200 - Time: 0:00:00.395164
2025-09-04 16:43:30,153 - __main__ - INFO - Request: DELETE http://localhost:3001/todos/3
2025-09-04 16:43:30,222 - __main__ - INFO - Response: 200 - Time: 0:00:00.069557
2025-09-04 16:43:31,171 - __main__ - INFO - Request: DELETE http://localhost:3001/todos/4
2025-09-04 16:43:31,216 - __main__ - INFO - Response: 200 - Time: 0:00:00.045052
2025-09-04 17:28:26,667 - __main__ - INFO - Request: GET http://localhost:3001/todos
2025-09-04 17:28:26,821 - __main__ - INFO - Response: 200 - Time: 0:00:00.154414
2025-09-04 17:34:26,486 - __main__ - INFO - Request: POST http://localhost:3001/login
2025-09-04 17:34:26,535 - __main__ - INFO - Login attempt for: ruvarashemakaure@gmail.com
2025-09-04 17:34:27,386 - __main__ - INFO - Login successful for: ruvarashemakaure@gmail.com
2025-09-04 17:34:27,393 - __main__ - INFO - Response: 200 - Time: 0:00:00.907230
2025-09-04 18:22:22,511 - __main__ - INFO - Request: POST http://localhost:3001/login
2025-09-04 18:22:22,558 - __main__ - INFO - Login attempt for: ruvarashemakaure@gmail.com
2025-09-04 18:22:22,952 - __main__ - INFO - Login successful for: ruvarashemakaure@gmail.com
2025-09-04 18:22:22,958 - __main__ - INFO - Response: 200 - Time: 0:00:00.448721
2025-09-04 19:40:25,209 - __main__ - INFO - Request: GET http://127.0.0.1:3001/
2025-09-04 19:40:25,215 - __main__ - INFO - Response: 200 - Time: 0:00:00.005554
2025-09-04 19:40:25,339 - __main__ - INFO - Request: GET http://127.0.0.1:3001/favicon.ico
2025-09-04 19:40:25,339 - __main__ - INFO - Response: 404 - Time: 0:00:00.000771
2025-09-04 19:40:40,984 - __main__ - INFO - Request: POST http://localhost:3001/register
2025-09-04 19:40:41,001 - __main__ - INFO - Registration attempt for: ruvarashemakaure@gmail.com
2025-09-04 19:40:41,023 - __main__ - WARNING - Registration failed - user exists: ruvarashemakaure@gmail.com
2025-09-04 19:40:41,026 - __main__ - INFO - Response: 409 - Time: 0:00:00.042469
2025-09-04 19:40:44,992 - __main__ - INFO - Request: POST http://localhost:3001/login
2025-09-04 19:40:44,998 - __main__ - INFO - Login attempt for: ruvarashemakaure@gmail.com
2025-09-04 19:40:45,051 - passlib.handlers.bcrypt - WARNING - (trapped) error reading bcrypt version
Traceback (most recent call last):
  File "C:\Users\muram\PycharmProjects\original2\.venv\Lib\site-packages\passlib\handlers\bcrypt.py", line 620, in _load_backend_mixin
    version = _bcrypt.__about__.__version__
              ^^^^^^^^^^^^^^^^^
AttributeError: module 'bcrypt' has no attribute '__about__'
2025-09-04 19:40:45,694 - __main__ - INFO - Login successful for: ruvarashemakaure@gmail.com
2025-09-04 19:40:45,697 - __main__ - INFO - Response: 200 - Time: 0:00:00.704359
2025-09-04 20:03:36,167 - __main__ - INFO - Request: POST http://localhost:3001/login
2025-09-04 20:03:36,245 - __main__ - INFO - Login attempt for: ruvarashemakaure@gmail.com
2025-09-04 20:03:36,985 - __main__ - INFO - Login successful for: ruvarashemakaure@gmail.com
2025-09-04 20:03:36,989 - __main__ - INFO - Response: 200 - Time: 0:00:00.823449
2025-09-04 20:30:56,685 - __main__ - INFO - Request: POST http://localhost:3001/login
2025-09-04 20:30:56,715 - __main__ - INFO - Login attempt for: ruvarashemakaure@gmail.com
2025-09-04 20:30:57,393 - __main__ - INFO - Login successful for: ruvarashemakaure@gmail.com
2025-09-04 20:30:57,397 - __main__ - INFO - Response: 200 - Time: 0:00:00.712361
2025-09-04 20:31:45,534 - __main__ - INFO - Request: POST http://localhost:3001/login
2025-09-04 20:31:45,543 - __main__ - INFO - Login attempt for: ruvarashemakaure@gmail.com
2025-09-04 20:31:46,170 - __main__ - INFO - Login successful for: ruvarashemakaure@gmail.com
2025-09-04 20:31:46,173 - __main__ - INFO - Response: 200 - Time: 0:00:00.638647
2025-09-04 20:38:04,902 - __main__ - INFO - Request: POST http://localhost:3001/login
2025-09-04 20:38:04,938 - __main__ - INFO - Login attempt for: ruvarashemakaure@gmail.com
2025-09-04 20:38:05,336 - __main__ - INFO - Login successful for: ruvarashemakaure@gmail.com
2025-09-04 20:38:05,340 - __main__ - INFO - Response: 200 - Time: 0:00:00.439427
2025-09-04 20:38:14,330 - __main__ - INFO - Request: POST http://localhost:3001/login
2025-09-04 20:38:14,336 - __main__ - INFO - Login attempt for: ruvarashemakaure@gmail.com
2025-09-04 20:38:14,793 - __main__ - INFO - Login successful for: ruvarashemakaure@gmail.com
2025-09-04 20:38:14,795 - __main__ - INFO - Response: 200 - Time: 0:00:00.465377
2025-09-04 20:40:56,321 - __main__ - INFO - Request: POST http://localhost:3001/login
2025-09-04 20:40:56,325 - __main__ - INFO - Login attempt for: ruvarashemakaure@gmail.com
2025-09-04 20:40:56,740 - __main__ - INFO - Login successful for: ruvarashemakaure@gmail.com
2025-09-04 20:40:56,743 - __main__ - INFO - Response: 200 - Time: 0:00:00.422087
2025-09-04 21:11:15,554 - __main__ - INFO - Request: POST http://localhost:3001/login
2025-09-04 21:11:15,583 - __main__ - INFO - Login attempt for: ruvarashemakaure@gmail.com
2025-09-04 21:11:16,465 - __main__ - INFO - Login successful for: ruvarashemakaure@gmail.com
2025-09-04 21:11:16,471 - __main__ - INFO - Response: 200 - Time: 0:00:00.917299
2025-09-04 21:13:48,266 - __main__ - INFO - Request: POST http://localhost:3001/login
2025-09-04 21:13:48,270 - __main__ - INFO - Login attempt for: ruvarashemakaure@gmail.com
2025-09-04 21:13:48,880 - __main__ - INFO - Login successful for: ruvarashemakaure@gmail.com
2025-09-04 21:13:48,882 - __main__ - INFO - Response: 200 - Time: 0:00:00.616422
2025-09-04 21:15:59,757 - __main__ - INFO - Request: POST http://localhost:3001/login
2025-09-04 21:15:59,762 - __main__ - INFO - Login attempt for: ruvarashemakaure@gmail.com
2025-09-04 21:16:00,360 - __main__ - INFO - Login successful for: ruvarashemakaure@gmail.com
2025-09-04 21:16:00,364 - __main__ - INFO - Response: 200 - Time: 0:00:00.607786
2025-09-04 21:16:41,590 - __main__ - INFO - Request: POST http://localhost:3001/login
2025-09-04 21:16:41,594 - __main__ - INFO - Login attempt for: ruvarashemakaure@gmail.com
2025-09-04 21:16:42,145 - __main__ - INFO - Login successful for: ruvarashemakaure@gmail.com
2025-09-04 21:16:42,148 - __main__ - INFO - Response: 200 - Time: 0:00:00.558418
2025-09-04 21:21:36,906 - __main__ - INFO - Request: POST http://localhost:3001/login
2025-09-04 21:21:36,921 - __main__ - INFO - Login attempt for: ruvarashemakaure@gmail.com
2025-09-04 21:21:37,528 - __main__ - INFO - Login successful for: ruvarashemakaure@gmail.com
2025-09-04 21:21:37,532 - __main__ - INFO - Response: 200 - Time: 0:00:00.626783
2025-09-04 21:25:06,445 - __main__ - INFO - Request: POST http://localhost:3001/login
2025-09-04 21:25:06,448 - __main__ - INFO - Login attempt for: ruvarashemakaure@gmail.com
2025-09-04 21:25:06,924 - __main__ - INFO - Login successful for: ruvarashemakaure@gmail.com
2025-09-04 21:25:06,930 - __main__ - INFO - Response: 200 - Time: 0:00:00.484823
2025-09-04 21:41:48,044 - __main__ - INFO - Request: POST http://localhost:3001/login
2025-09-04 21:41:48,096 - __main__ - INFO - Login attempt for: ruvarashemakaure@gmail.com
2025-09-04 21:41:48,454 - __main__ - INFO - Login successful for: ruvarashemakaure@gmail.com
2025-09-04 21:41:48,459 - __main__ - INFO - Response: 200 - Time: 0:00:00.414558
